<?xml version="1.0" encoding="utf-8"?>
<testsuites>
  <testsuite name="unit_tests" tests="4" errors="1" failures="1" skipped="1">
    <testcase classname="unit_tests.test_config" name="test_defaults" file="unit_tests/test_config.py" time="0.5"/>
    <testcase classname="unit_tests.test_config" name="test_invalid_backend" file="unit_tests/test_config.py" time="0.2">
      <failure message="AssertionError: assert 'aws' == 'gce'">unit_tests/test_config.py:45: AssertionError</failure>
    </testcase>
    <testcase classname="unit_tests.test_nemesis" name="test_registration" file="unit_tests/test_nemesis.py" time="0.1">
      <error message="KeyError: 'disrupt_drain'">Traceback:
  KeyError: 'disrupt_drain'</error>
    </testcase>
    <testcase classname="unit_tests.test_utils" name="test_skipped" file="unit_tests/test_utils.py" time="0.0">
      <skipped message="not applicable"/>
    </testcase>
  </testsuite>
</testsuites>
